autoconf_share/rub CEP/MS

At revision 14031.
(cd autoconf_share  &&  svn switch https://svn.astron.nl/LOFAR/trunk/autoconf_share)
At revision 14031.
svn update -N CEP
A    CEP
A    CEP/package.dox
A    CEP/CMakeLists.txt
A    CEP/lofarconf.in
Updated to revision 14031.
svn update  MS
A    MS
A    MS/test
A    MS/test/tcombinevds.in_vds1
A    MS/test/tcombinevds.in_vds2
A    MS/test/tcombinevds.run
A    MS/test/tMSSplit.run
A    MS/test/tmakems.stdout
A    MS/test/tMSSplit.cc
A    MS/test/tmakems.run
A    MS/test/tcombinevds.sh
A    MS/test/tMSSplit.sh
A    MS/test/Makefile.am
A    MS/test/tmakems.sh
A    MS/test/CMakeLists.txt
A    MS/test/tmakems.in_antenna.tgz
A    MS/test/tcombinevds.stdout
A    MS/test/tmakems.parset
A    MS/include
A    MS/include/MS
A    MS/include/MS/VdsMaker.h
A    MS/include/MS/MSCreate.h
A    MS/include/MS/Makefile.am
A    MS/include/MS/CMakeLists.txt
A    MS/include/Makefile.am
A    MS/package.dox
A    MS/configure.in
A    MS/src
A    MS/src/MSSplit.cc
A    MS/src/trysplit.g
A    MS/src/mssplit.g
A    MS/src/makemsdistr
A    MS/src/statconv.g
A    MS/src/makemsdistr-part
A    MS/src/MSCreate.cc
A    MS/src/msplay.cc
A    MS/src/mssplit
A    MS/src/lofar_stations.coord
A    MS/src/VdsMaker.cc
A    MS/src/makems.cc
A    MS/src/Makefile.am
A    MS/src/makems.cfg
A    MS/src/combinevds.cc
A    MS/src/CMakeLists.txt
A    MS/src/makevds.cc
A    MS/Makefile.am
A    MS/CMakeLists.txt
A    MS/bootstrap
Updated to revision 14031.
svn update -N LCS
A    LCS
A    LCS/package.dox
A    LCS/lofar_config.h.cmake
A    LCS/bootstrap
A    LCS/CMakeLists.txt
A    LCS/lofarconf.in
Updated to revision 14031.
svn update  Common
A    Common
A    Common/test
A    Common/test/tRunOnNode.cc
A    Common/test/tHexdump.stdout
A    Common/test/tReadLine.sh
A    Common/test/tProcess.stdout
A    Common/test/testSocket.run
A    Common/test/tParameterSet.in_merge_nocase
A    Common/test/Coordinates.h
A    Common/test/tStreamUtil.cc
A    Common/test/testLogger.cc
A    Common/test/tRunOnNode.sh
A    Common/test/tObjectFactory.cc
A    Common/test/Shapes.cc
A    Common/test/tNumeric.stdout
A    Common/test/Shapes.h
A    Common/test/tStringUtil.stdout
A    Common/test/tSingleton.cc
A    Common/test/tSaxpy.cc
A    Common/test/tComplex.stdout
A    Common/test/tgetparsetvalue.parset
A    Common/test/tParameterSet.in_param_normal
A    Common/test/tPrettyUnits.stdout
A    Common/test/tParameterSetPerf.cc
A    Common/test/tDataConvert.cc
A    Common/test/tgetparsetvalue.run
A    Common/test/tSymbolTable.cc
A    Common/test/tStreamUtil.sh
A    Common/test/tBacktrace.cc
A    Common/test/tReadLine.stdout
A    Common/test/testLogger.sh
A    Common/test/tgetparsetvalue.sh
A    Common/test/tSystemUtil.cc
A    Common/test/tObjectFactory.sh
A    Common/test/tParameterSet.in_param_nocase
A    Common/test/tSingleton.sh
A    Common/test/tParameterSet.log_prop
A    Common/test/tHexdump.run
A    Common/test/tParameterSet.cc
A    Common/test/testLogger.debug
A    Common/test/tProcess.run
A    Common/test/tParameterSetPerf.sh
A    Common/test/tDataConvert.sh
A    Common/test/tRunOnNode.log_prop
A    Common/test/tFileLocator.cc
A    Common/test/tRunOnNode.stdout
A    Common/test/tReadLine.in
A    Common/test/tHexdump.log_prop
A    Common/test/tProcess.log_prop
A    Common/test/tHexdump.cc
A    Common/test/tParameterValue.cc
A    Common/test/tProcess.cc
A    Common/test/tParameterSet.sh
A    Common/test/tNumeric.run
A    Common/test/tStreamUtil.stdout
A    Common/test/testLogger.log_prop
A    Common/test/tFileLocator.sh
A    Common/test/tgetparsetvalue.stdout
A    Common/test/tObjectFactory.stdout
A    Common/test/tHexdump.sh
A    Common/test/tParameterValue.sh
A    Common/test/tNumeric.cc
A    Common/test/tProcess.sh
A    Common/test/tStringUtil.cc
A    Common/test/testSocket.cc
A    Common/test/CMakeLists.txt
A    Common/test/tTypeNames.cc
A    Common/test/tDataConvert.stdout
A    Common/test/tComplex.cc
A    Common/test/tPrettyUnits.cc
A    Common/test/tAllocator.cc
A    Common/test/tTimer.cc
A    Common/test/tReadLine.cc
A    Common/test/Coordinates.cc
A    Common/test/tNumeric.sh
A    Common/test/tParameterSetPerf.run
A    Common/test/tParameterSet.stdout
A    Common/test/tStringUtil.sh
A    Common/test/testSocket.sh
A    Common/test/tTypeNames.sh
A    Common/test/tComplex.sh
A    Common/test/tPrettyUnits.sh
A    Common/test/Makefile.am
A    Common/test/tReadLine.run
A    Common/test/tParameterSet.in_merge_normal
A    Common/test/testLogger.in_log4cxx.log_prop
A    Common/test/tAllocator.sh
A    Common/test/nocase2normal.sed
A    Common/test/tTimer.sh
A    Common/include
A    Common/include/Common
A    Common/include/Common/lofar_string.h
A    Common/include/Common/lofar_smartptr.h
A    Common/include/Common/lofar_map.h
A    Common/include/Common/Numeric.h
A    Common/include/Common/RunOnNode.h
A    Common/include/Common/LofarTypedefs.h
A    Common/include/Common/hexdump.h
A    Common/include/Common/PrettyUnits.h
A    Common/include/Common/lofar_math.h
A    Common/include/Common/ParameterValue.h
A    Common/include/Common/lofar_set.h
A    Common/include/Common/lofar_typeinfo.h
A    Common/include/Common/DataFormat.h
A    Common/include/Common/Version.h
A    Common/include/Common/lofar_vector.h
A    Common/include/Common/lofar_complex.h
A    Common/include/Common/lofar_thread.h
A    Common/include/Common/KVpair.h
A    Common/include/Common/ParameterSet.h
A    Common/include/Common/ComplexStdInt.h
A    Common/include/Common/lofar_list.h
A    Common/include/Common/LofarLog4Cplus.h
A    Common/include/Common/TypeNames.h
A    Common/include/Common/ComplexStdFP.h
A    Common/include/Common/lofar_algorithm.h
A    Common/include/Common/LofarLocators.h
A    Common/include/Common/lofar_iosfwd.h
A    Common/include/Common/lofar_iomanip.h
A    Common/include/Common/Backtrace.h
A    Common/include/Common/Semaphore.h
A    Common/include/Common/lofar_numeric.h
A    Common/include/Common/ComplexC99.h
A    Common/include/Common/lofar_tribool.h
A    Common/include/Common/Exception.h
A    Common/include/Common/ObjectFactory.h
A    Common/include/Common/Net
A    Common/include/Common/Net/FdSet.h
A    Common/include/Common/Net/Socket.h
A    Common/include/Common/Singleton.h
A    Common/include/Common/FileLocator.h
A    Common/include/Common/StringUtil.h
A    Common/include/Common/lofar_iostream.h
A    Common/include/Common/ComplexBuiltinInt.h
A    Common/include/Common/DataConvert.h
A    Common/include/Common/Stopwatch.h
A    Common/include/Common/ParameterSetImpl.h
A    Common/include/Common/Timer.h
A    Common/include/Common/Allocator.h
A    Common/include/Common/Exceptions.h
A    Common/include/Common/SystemUtil.h
A    Common/include/Common/lofar_fstream.h
A    Common/include/Common/ComplexBuiltinFP.h
A    Common/include/Common/TypeNames.tcc
A    Common/include/Common/CMakeLists.txt
A    Common/include/Common/LofarTypes.h
A    Common/include/Common/lofar_stack.h
A    Common/include/Common/StreamUtil.h
A    Common/include/Common/AddressTranslator.h
A    Common/include/Common/LofarConstants.h
A    Common/include/Common/LofarLogCout.h
A    Common/include/Common/lofar_sstream.h
A    Common/include/Common/CheckConfig.h
A    Common/include/Common/LofarLogger.h
A    Common/include/Common/i4complex.h
A    Common/include/Common/LofarLog4Cxx.h
A    Common/include/Common/lofar_bitset.h
A    Common/include/Common/SymbolTable.h
A    Common/include/Common/Process.h
A    Common/include/Common/lofar_datetime.h
A    Common/include/Common/ReadLine.h
A    Common/include/Common/Makefile.am
A    Common/include/Common/shmem
A    Common/include/Common/shmem/Makefile.am
A    Common/include/Common/shmem/shmem_alloc.h
A    Common/include/Common/shmem/dlmalloc.h
A    Common/include/Common/shmem/segbasemap.h
A    Common/include/Common/lofar_deque.h
A    Common/include/Makefile.am
A    Common/package.dox
A    Common/AUTHORS
A    Common/configure.in
A    Common/Common.spec.in
A    Common/src
A    Common/src/KVpair.cc
A    Common/src/ParameterSet.cc
A    Common/src/LofarLogCout.cc
A    Common/src/Net
A    Common/src/Net/FdSet.cc
A    Common/src/Net/Socket.cc
A    Common/src/Net/backward
A    Common/src/Net/backward/Socket.cc
A    Common/src/FileLocator.cc
A    Common/src/RunOnNode.cc
A    Common/src/Common-Model.cat
A    Common/src/ParameterValue.cc
A    Common/src/Process.cc
A    Common/src/Version.cc
A    Common/src/StreamUtil.cc
A    Common/src/CMakeLists.txt
A    Common/src/getparsetvalue.cc
A    Common/src/Exception.cc
A    Common/src/AddressTranslator.cc
A    Common/src/Numeric.cc
A    Common/src/LofarLogger.cc
A    Common/src/StringUtil.cc
A    Common/src/TypeNames.cc
A    Common/src/hexdump.cc
A    Common/src/PrettyUnits.cc
A    Common/src/DataConvert.cc
A    Common/src/Stopwatch.cc
A    Common/src/lofar_bitset.cc
A    Common/src/SymbolTable.cc
A    Common/src/ParameterSetImpl.cc
A    Common/src/Backtrace.cc
A    Common/src/Timer.cc
A    Common/src/Allocator.cc
A    Common/src/SystemUtil.cc
A    Common/src/ReadLine.cc
A    Common/src/Makefile.am
A    Common/src/shmem
A    Common/src/shmem/shmem_alloc.cc
A    Common/src/shmem/dlmalloc.c
A    Common/src/shmem/Makefile.am
A    Common/src/shmem/segbasemap.cc
A    Common/ChangeLog
A    Common/README
A    Common/INSTALL
A    Common/COPYING
A    Common/Makefile.am
A    Common/config.h.cmake
A    Common/NEWS
A    Common/bootstrap
A    Common/CMakeLists.txt
Updated to revision 14031.
svn update  LCS
At revision 14031.
svn update  Tools
A    Tools
A    Tools/test
A    Tools/test/Makefile.am
A    Tools/package.dox
A    Tools/AUTHORS
A    Tools/configure.in
A    Tools/src
A    Tools/src/countpurecode
A    Tools/src/makedep.sh
A    Tools/src/makePackage.py
A    Tools/src/lofarcvsmv
A    Tools/src/countlines
A    Tools/src/makecov
A    Tools/src/makeClass.py
A    Tools/src/countpurecodecomm
A    Tools/src/processgcov
A    Tools/src/remote_lofarcvsmv
A    Tools/src/pkgdep.cc
A    Tools/src/templates
A    Tools/src/templates/test.in_template
A    Tools/src/templates/package_makefile.am_template
A    Tools/src/templates/test.out_template
A    Tools/src/templates/package_bootstrap_template
A    Tools/src/templates/test.sh_template
A    Tools/src/templates/package_lofarconf.in_template
A    Tools/src/templates/templated_header.tcc_template
A    Tools/src/templates/package_configure.in_template
A    Tools/src/templates/test.cc_template
A    Tools/src/templates/main.cc_template
A    Tools/src/templates/test_makefile.am_template
A    Tools/src/templates/package_spec.in_template
A    Tools/src/templates/templated_header.cc_template
A    Tools/src/templates/include_makefile.am_template
A    Tools/src/templates/header.cc_template
A    Tools/src/templates/templated_header.h_template
A    Tools/src/templates/include_pkg_makefile.am_template
A    Tools/src/templates/header.h_template
A    Tools/src/templates/src_makefile.am_template
A    Tools/src/checkrun
A    Tools/src/makedoc
A    Tools/src/makeTest.py
A    Tools/src/lofarinit.sh.in
A    Tools/src/lofarcvsx
A    Tools/src/LimitExec.cc
A    Tools/src/lofarinit.csh.in
A    Tools/src/fillreview
A    Tools/src/finddep
A    Tools/src/Makefile.am
A    Tools/src/countalllines
A    Tools/src/CMakeLists.txt
A    Tools/ChangeLog
A    Tools/lofar_config.h.cmake
A    Tools/README
A    Tools/Tools.spec.in
A    Tools/INSTALL
A    Tools/COPYING
A    Tools/Makefile.am
A    Tools/config.h.cmake
A    Tools/NEWS
A    Tools/bootstrap
A    Tools/CMakeLists.txt
Updated to revision 14031.
svn update  CEP
At revision 14031.
svn update  MWCommon
A    MWCommon
A    MWCommon/test
A    MWCommon/test/tVdsPartDesc.sh
A    MWCommon/test/tSocketConnection.cc
A    MWCommon/test/tNodeDesc.sh
A    MWCommon/test/tstartdproc.sh
A    MWCommon/test/tstartdproc.in_cd
A    MWCommon/test/tVdsDesc.sh
A    MWCommon/test/tClusterDesc.cc
A    MWCommon/test/tWorkersDesc.sh
A    MWCommon/test/tVdsPartDesc.cc
A    MWCommon/test/tfinddproc.in_vd
A    MWCommon/test/tstartdproc.stdout
A    MWCommon/test/tNodeDesc.cc
A    MWCommon/test/tSocketConnection.run
A    MWCommon/test/tfinddproc.run
A    MWCommon/test/tClusterDesc.parset
A    MWCommon/test/tVdsDesc.cc
A    MWCommon/test/tWorkersDesc.cc
A    MWCommon/test/tSocketConnection.sh
A    MWCommon/test/tfinddproc.sh
A    MWCommon/test/tfinddproc.in_cd
A    MWCommon/test/tstartdproc.in_vd
A    MWCommon/test/tClusterDesc.in_parset2
A    MWCommon/test/Makefile.am
A    MWCommon/test/tstartdproc.run
A    MWCommon/test/tSocketConnection.stdout
A    MWCommon/test/tClusterDesc.sh
A    MWCommon/test/CMakeLists.txt
A    MWCommon/test/tfinddproc.stdout
A    MWCommon/include
A    MWCommon/include/Makefile.am
A    MWCommon/include/MWCommon
A    MWCommon/include/MWCommon/MasterControl.h
A    MWCommon/include/MWCommon/MWError.h
A    MWCommon/include/MWCommon/SocketListener.h
A    MWCommon/include/MWCommon/MemConnection.h
A    MWCommon/include/MWCommon/MWStepVisitor.h
A    MWCommon/include/MWCommon/WorkerFactory.h
A    MWCommon/include/MWCommon/MWConnection.h
A    MWCommon/include/MWCommon/SocketConnection.h
A    MWCommon/include/MWCommon/ObsDomain.h
A    MWCommon/include/MWCommon/ParameterHandler.h
A    MWCommon/include/MWCommon/ControllerBase.h
A    MWCommon/include/MWCommon/MWConnectionSet.h
A    MWCommon/include/MWCommon/ClusterDesc.h
A    MWCommon/include/MWCommon/CMakeLists.txt
A    MWCommon/include/MWCommon/DomainShape.h
A    MWCommon/include/MWCommon/MWLocalStep.h
A    MWCommon/include/MWCommon/MWMultiStep.h
A    MWCommon/include/MWCommon/VdsDesc.h
A    MWCommon/include/MWCommon/WorkersDesc.h
A    MWCommon/include/MWCommon/MWIos.h
A    MWCommon/include/MWCommon/MWGlobalStep.h
A    MWCommon/include/MWCommon/MPIConnection.h
A    MWCommon/include/MWCommon/MWStepFactory.h
A    MWCommon/include/MWCommon/WorkerControl.h
A    MWCommon/include/MWCommon/MemConnectionSet.h
A    MWCommon/include/MWCommon/MWBlobIO.h
A    MWCommon/include/MWCommon/WorkerProxy.h
A    MWCommon/include/MWCommon/MWStep.h
A    MWCommon/include/MWCommon/MPIConnectionSet.h
A    MWCommon/include/MWCommon/VdsPartDesc.h
A    MWCommon/include/MWCommon/Makefile.am
A    MWCommon/include/MWCommon/Controller.h
A    MWCommon/include/MWCommon/SocketConnectionSet.h
A    MWCommon/include/MWCommon/NodeDesc.h
A    MWCommon/include/MWCommon/WorkDomainSpec.h
A    MWCommon/include/MWCommon/WorkerInfo.h
A    MWCommon/package.dox
A    MWCommon/configure.in
A    MWCommon/src
A    MWCommon/src/MWIos.cc
A    MWCommon/src/MWStepVisitor.cc
A    MWCommon/src/MWGlobalStep.cc
A    MWCommon/src/WorkerFactory.cc
A    MWCommon/src/MWConnection.cc
A    MWCommon/src/WorkerControl.cc
A    MWCommon/src/MemConnectionSet.cc
A    MWCommon/src/MWBlobIO.cc
A    MWCommon/src/ObsDomain.cc
A    MWCommon/src/MWConnectionSet.cc
A    MWCommon/src/startdistproc
A    MWCommon/src/VdsPartDesc.cc
A    MWCommon/src/SocketConnectionSet.cc
A    MWCommon/src/NodeDesc.cc
A    MWCommon/src/CMakeLists.txt
A    MWCommon/src/VdsDesc.cc
A    MWCommon/src/WorkersDesc.cc
A    MWCommon/src/MasterControl.cc
A    MWCommon/src/SocketListener.cc
A    MWCommon/src/MemConnection.cc
A    MWCommon/src/MPIConnection.cc
A    MWCommon/src/MWStepFactory.cc
A    MWCommon/src/SocketConnection.cc
A    MWCommon/src/finddproc.cc
A    MWCommon/src/WorkerProxy.cc
A    MWCommon/src/ParameterHandler.cc
A    MWCommon/src/ControllerBase.cc
A    MWCommon/src/MWStep.cc
A    MWCommon/src/ClusterDesc.cc
A    MWCommon/src/MPIConnectionSet.cc
A    MWCommon/src/showclusterdesc.cc
A    MWCommon/src/Controller.cc
A    MWCommon/src/WorkDomainSpec.cc
A    MWCommon/src/Makefile.am
A    MWCommon/src/WorkerInfo.cc
A    MWCommon/src/DomainShape.cc
A    MWCommon/src/socketrun
A    MWCommon/src/MWLocalStep.cc
A    MWCommon/src/MWMultiStep.cc
A    MWCommon/Makefile.am
A    MWCommon/CMakeLists.txt
A    MWCommon/bootstrap
Updated to revision 14031.
svn update  LCS
At revision 14031.
svn update  Blob
A    Blob
A    Blob/test
A    Blob/test/tBlobField.sh
A    Blob/test/tBlobAipsIO.sh
A    Blob/test/tKeyValueMap.sh
A    Blob/test/tBlobField.in_be
A    Blob/test/tBlobArrayHeader.sh
A    Blob/test/tBlobHeader.sh
A    Blob/test/tBlobArray.cc
A    Blob/test/tBlobStream.sh
A    Blob/test/tKeyValueMap.stdout
A    Blob/test/tBlobStream.in_be
A    Blob/test/tBlobField.cc
A    Blob/test/tBlobField.in_le
A    Blob/test/tBlobAipsIO.cc
A    Blob/test/tKeyValueMap.cc
A    Blob/test/tBlobSTL.sh
A    Blob/test/tBlobHeader.cc
A    Blob/test/tBlobStream.stdout
A    Blob/test/tBlobStream.cc
A    Blob/test/tBlobString.sh
A    Blob/test/tBlobCasa.sh
A    Blob/test/tBlobStream.in_le
A    Blob/test/tBlobSTL.cc
A    Blob/test/Makefile.am
A    Blob/test/tBlobArray.sh
A    Blob/test/tKeyValueMap.in
A    Blob/test/CMakeLists.txt
A    Blob/test/tBlobString.cc
A    Blob/test/tBlobCasa.cc
A    Blob/include
A    Blob/include/Makefile.am
A    Blob/include/Blob
A    Blob/include/Blob/BlobException.h
A    Blob/include/Blob/BlobFieldSet.h
A    Blob/include/Blob/BlobIBufStream.h
A    Blob/include/Blob/BlobSTL.h
A    Blob/include/Blob/BlobIStream.h
A    Blob/include/Blob/BlobField.tcc
A    Blob/include/Blob/BlobString.h
A    Blob/include/Blob/BlobOBufStream.h
A    Blob/include/Blob/BlobIBufVector.h
A    Blob/include/Blob/BlobOStream.h
A    Blob/include/Blob/BlobOBufVector.h
A    Blob/include/Blob/BlobStreamable.h
A    Blob/include/Blob/BlobIBuffer.h
A    Blob/include/Blob/BlobField.h
A    Blob/include/Blob/BlobIBufChar.h
A    Blob/include/Blob/BlobAipsIO.h
A    Blob/include/Blob/CMakeLists.txt
A    Blob/include/Blob/BlobOBuffer.h
A    Blob/include/Blob/BlobOBufChar.h
A    Blob/include/Blob/BlobStringTraits.h
A    Blob/include/Blob/BlobArray.tcc
A    Blob/include/Blob/KeyParser.h
A    Blob/include/Blob/BlobStringType.h
A    Blob/include/Blob/BlobIBufString.h
A    Blob/include/Blob/BlobArray.h
A    Blob/include/Blob/BlobOBufString.h
A    Blob/include/Blob/KeyValueMap.h
A    Blob/include/Blob/BlobSTL.tcc
A    Blob/include/Blob/Makefile.am
A    Blob/include/Blob/KeyValue.h
A    Blob/include/Blob/BlobOBufNull.h
A    Blob/include/Blob/BlobArrayHeader.h
A    Blob/include/Blob/BlobHeader.h
A    Blob/package.dox
A    Blob/AUTHORS
A    Blob/INSTALL
A    Blob/configure.in
A    Blob/ChangeLog
A    Blob/src
A    Blob/src/BlobFieldSet.cc
A    Blob/src/KeyParse.yy
A    Blob/src/BlobIBufStream.cc
A    Blob/src/BlobIStream.cc
A    Blob/src/BlobField2.cc
A    Blob/src/BlobString.cc
A    Blob/src/KeyParser.cc
A    Blob/src/BlobOBufStream.cc
A    Blob/src/BlobStringType.cc
A    Blob/src/BlobOStream.cc
A    Blob/src/BlobArray.cc
A    Blob/src/BlobStreamable.cc
A    Blob/src/BlobOBufString.cc
A    Blob/src/BlobIBufChar.cc
A    Blob/src/BlobAipsIO.cc
A    Blob/src/KeyTokenize.ll
A    Blob/src/KeyValueMap.cc
A    Blob/src/BlobOBufNull.cc
A    Blob/src/KeyValue.cc
A    Blob/src/Makefile.am
A    Blob/src/BlobHeader.cc
A    Blob/src/BlobOBufChar.cc
A    Blob/src/CMakeLists.txt
A    Blob/COPYING
A    Blob/Makefile.am
A    Blob/Blob.spec.in
A    Blob/NEWS
A    Blob/CMakeLists.txt
A    Blob/README
A    Blob/bootstrap
Updated to revision 14031.
(cd LCS/Tools  &&  svn switch https://svn.astron.nl/LOFAR/trunk/LCS/Tools)
At revision 14031.
(cd LCS/Common  &&  svn switch https://svn.astron.nl/LOFAR/trunk/LCS/Common)
At revision 14031.
(cd LCS/Blob  &&  svn switch https://svn.astron.nl/LOFAR/trunk/LCS/Blob)
At revision 14031.
(cd CEP/MWCommon  &&  svn switch https://svn.astron.nl/LOFAR/trunk/CEP/MWCommon)
At revision 14031.
(cd CEP/MS  &&  svn switch https://svn.astron.nl/LOFAR/trunk/CEP/MS)
At revision 14031.
